101.03.09 09:49 A G:\www.wcharris.com\paintings\painting1.html --> callisto.affordablehost.com /data/paintings painting1.html
101.03.09 09:49 B G:\www.wcharris.com\paintings\painting1.jpg --> callisto.affordablehost.com /data/paintings painting1.jpg
101.03.09 09:49 A G:\www.wcharris.com\paintings\painting10.html --> callisto.affordablehost.com /data/paintings painting10.html
101.03.09 09:49 B G:\www.wcharris.com\paintings\painting10.jpg --> callisto.affordablehost.com /data/paintings painting10.jpg
101.03.09 09:49 A G:\www.wcharris.com\paintings\painting11.html --> callisto.affordablehost.com /data/paintings painting11.html
101.03.09 09:49 B G:\www.wcharris.com\paintings\painting11.jpg --> callisto.affordablehost.com /data/paintings painting11.jpg
101.03.09 09:49 A G:\www.wcharris.com\paintings\painting12.html --> callisto.affordablehost.com /data/paintings painting12.html
101.03.09 09:49 B G:\www.wcharris.com\paintings\painting12.jpg --> callisto.affordablehost.com /data/paintings painting12.jpg
101.03.09 09:49 A G:\www.wcharris.com\paintings\painting13.html --> callisto.affordablehost.com /data/paintings painting13.html
101.03.09 09:49 B G:\www.wcharris.com\paintings\painting13.jpg --> callisto.affordablehost.com /data/paintings painting13.jpg
101.03.09 09:49 A G:\www.wcharris.com\paintings\painting14.html --> callisto.affordablehost.com /data/paintings painting14.html
101.03.09 09:49 B G:\www.wcharris.com\paintings\painting14.jpg --> callisto.affordablehost.com /data/paintings painting14.jpg
101.03.09 09:49 A G:\www.wcharris.com\paintings\painting15.html --> callisto.affordablehost.com /data/paintings painting15.html
101.03.09 09:49 B G:\www.wcharris.com\paintings\painting15.jpg --> callisto.affordablehost.com /data/paintings painting15.jpg
101.03.09 09:49 A G:\www.wcharris.com\paintings\painting16.html --> callisto.affordablehost.com /data/paintings painting16.html
101.03.09 09:50 B G:\www.wcharris.com\paintings\painting16.jpg --> callisto.affordablehost.com /data/paintings painting16.jpg
101.03.09 09:50 A G:\www.wcharris.com\paintings\painting2.html --> callisto.affordablehost.com /data/paintings painting2.html
101.03.09 09:50 B G:\www.wcharris.com\paintings\painting2.jpg --> callisto.affordablehost.com /data/paintings painting2.jpg
101.03.09 09:50 A G:\www.wcharris.com\paintings\painting3.html --> callisto.affordablehost.com /data/paintings painting3.html
101.03.09 09:50 B G:\www.wcharris.com\paintings\painting3.jpg --> callisto.affordablehost.com /data/paintings painting3.jpg
101.03.09 09:50 A G:\www.wcharris.com\paintings\painting4.html --> callisto.affordablehost.com /data/paintings painting4.html
101.03.09 09:50 B G:\www.wcharris.com\paintings\painting4.jpg --> callisto.affordablehost.com /data/paintings painting4.jpg
101.03.09 09:50 A G:\www.wcharris.com\paintings\painting5.html --> callisto.affordablehost.com /data/paintings painting5.html
101.03.09 09:50 B G:\www.wcharris.com\paintings\painting5.jpg --> callisto.affordablehost.com /data/paintings painting5.jpg
101.03.09 09:50 A G:\www.wcharris.com\paintings\painting6.html --> callisto.affordablehost.com /data/paintings painting6.html
101.03.09 09:50 B G:\www.wcharris.com\paintings\painting6.jpg --> callisto.affordablehost.com /data/paintings painting6.jpg
101.03.09 09:50 A G:\www.wcharris.com\paintings\painting7.html --> callisto.affordablehost.com /data/paintings painting7.html
101.03.09 09:50 B G:\www.wcharris.com\paintings\painting7.jpg --> callisto.affordablehost.com /data/paintings painting7.jpg
101.03.09 09:50 A G:\www.wcharris.com\paintings\painting8.html --> callisto.affordablehost.com /data/paintings painting8.html
101.03.09 09:50 B G:\www.wcharris.com\paintings\painting8.jpg --> callisto.affordablehost.com /data/paintings painting8.jpg
101.03.09 09:50 A G:\www.wcharris.com\paintings\painting9.html --> callisto.affordablehost.com /data/paintings painting9.html
101.03.09 09:50 B G:\www.wcharris.com\paintings\painting9.jpg --> callisto.affordablehost.com /data/paintings painting9.jpg
101.03.09 09:50 A G:\www.wcharris.com\paintings\painting_pics.html --> callisto.affordablehost.com /data/paintings painting_pics.html
101.03.09 09:50 A G:\www.wcharris.com\paintings\paintings.html --> callisto.affordablehost.com /data/paintings paintings.html
101.03.09 09:50 A G:\www.wcharris.com\paintings\paintings_frame.html --> callisto.affordablehost.com /data/paintings paintings_frame.html
101.03.09 09:50 B G:\www.wcharris.com\paintings\xpainting1.jpg --> callisto.affordablehost.com /data/paintings xpainting1.jpg
101.03.09 09:50 B G:\www.wcharris.com\paintings\xpainting10.jpg --> callisto.affordablehost.com /data/paintings xpainting10.jpg
101.03.09 09:50 B G:\www.wcharris.com\paintings\xpainting11.jpg --> callisto.affordablehost.com /data/paintings xpainting11.jpg
101.03.09 09:50 B G:\www.wcharris.com\paintings\xpainting12.jpg --> callisto.affordablehost.com /data/paintings xpainting12.jpg
101.03.09 09:50 B G:\www.wcharris.com\paintings\xpainting13.jpg --> callisto.affordablehost.com /data/paintings xpainting13.jpg
101.03.09 09:50 B G:\www.wcharris.com\paintings\xpainting14.jpg --> callisto.affordablehost.com /data/paintings xpainting14.jpg
101.03.09 09:50 B G:\www.wcharris.com\paintings\xpainting15.jpg --> callisto.affordablehost.com /data/paintings xpainting15.jpg
101.03.09 09:50 B G:\www.wcharris.com\paintings\xpainting16.jpg --> callisto.affordablehost.com /data/paintings xpainting16.jpg
101.03.09 09:50 B G:\www.wcharris.com\paintings\xpainting2.jpg --> callisto.affordablehost.com /data/paintings xpainting2.jpg
101.03.09 09:50 B G:\www.wcharris.com\paintings\xpainting3.jpg --> callisto.affordablehost.com /data/paintings xpainting3.jpg
101.03.09 09:50 B G:\www.wcharris.com\paintings\xpainting4.jpg --> callisto.affordablehost.com /data/paintings xpainting4.jpg
101.03.09 09:50 B G:\www.wcharris.com\paintings\xpainting5.jpg --> callisto.affordablehost.com /data/paintings xpainting5.jpg
101.03.09 09:50 B G:\www.wcharris.com\paintings\xpainting6.jpg --> callisto.affordablehost.com /data/paintings xpainting6.jpg
101.03.09 09:50 B G:\www.wcharris.com\paintings\xpainting7.jpg --> callisto.affordablehost.com /data/paintings xpainting7.jpg
101.03.09 09:50 B G:\www.wcharris.com\paintings\xpainting8.jpg --> callisto.affordablehost.com /data/paintings xpainting8.jpg
101.03.09 09:50 B G:\www.wcharris.com\paintings\xpainting9.jpg --> callisto.affordablehost.com /data/paintings xpainting9.jpg
101.05.30 19:04 B G:\www.wcharris.com\paintings\painting17.html --> callisto.affordablehost.com /data/paintings painting17.html
101.05.30 19:04 B G:\www.wcharris.com\paintings\painting17.jpg --> callisto.affordablehost.com /data/paintings painting17.jpg
101.05.30 19:04 B G:\www.wcharris.com\paintings\painting18.html --> callisto.affordablehost.com /data/paintings painting18.html
101.05.30 19:04 B G:\www.wcharris.com\paintings\painting18.jpg --> callisto.affordablehost.com /data/paintings painting18.jpg
101.05.30 19:04 B G:\www.wcharris.com\paintings\painting19.html --> callisto.affordablehost.com /data/paintings painting19.html
101.05.30 19:04 B G:\www.wcharris.com\paintings\painting19.jpg --> callisto.affordablehost.com /data/paintings painting19.jpg
101.05.30 19:04 B G:\www.wcharris.com\paintings\painting20.html --> callisto.affordablehost.com /data/paintings painting20.html
101.05.30 19:04 B G:\www.wcharris.com\paintings\painting20.jpg --> callisto.affordablehost.com /data/paintings painting20.jpg
101.05.30 19:04 B G:\www.wcharris.com\paintings\painting21.html --> callisto.affordablehost.com /data/paintings painting21.html
101.05.30 19:04 B G:\www.wcharris.com\paintings\painting21.jpg --> callisto.affordablehost.com /data/paintings painting21.jpg
101.05.30 19:04 B G:\www.wcharris.com\paintings\painting22.html --> callisto.affordablehost.com /data/paintings painting22.html
101.05.30 19:04 B G:\www.wcharris.com\paintings\painting22.jpg --> callisto.affordablehost.com /data/paintings painting22.jpg
101.05.30 19:04 B G:\www.wcharris.com\paintings\painting23.html --> callisto.affordablehost.com /data/paintings painting23.html
101.05.30 19:04 B G:\www.wcharris.com\paintings\painting23.jpg --> callisto.affordablehost.com /data/paintings painting23.jpg
101.05.30 19:04 B G:\www.wcharris.com\paintings\painting24.html --> callisto.affordablehost.com /data/paintings painting24.html
101.05.30 19:04 B G:\www.wcharris.com\paintings\painting24.jpg --> callisto.affordablehost.com /data/paintings painting24.jpg
101.05.30 19:04 B G:\www.wcharris.com\paintings\painting25.html --> callisto.affordablehost.com /data/paintings painting25.html
101.05.30 19:04 B G:\www.wcharris.com\paintings\painting25.jpg --> callisto.affordablehost.com /data/paintings painting25.jpg
101.05.30 19:04 B G:\www.wcharris.com\paintings\painting26.html --> callisto.affordablehost.com /data/paintings painting26.html
101.05.30 19:04 B G:\www.wcharris.com\paintings\painting26.jpg --> callisto.affordablehost.com /data/paintings painting26.jpg
101.05.30 19:04 B G:\www.wcharris.com\paintings\painting27.html --> callisto.affordablehost.com /data/paintings painting27.html
101.05.30 19:04 B G:\www.wcharris.com\paintings\painting27.jpg --> callisto.affordablehost.com /data/paintings painting27.jpg
101.05.30 19:04 B G:\www.wcharris.com\paintings\painting28.html --> callisto.affordablehost.com /data/paintings painting28.html
101.05.30 19:04 B G:\www.wcharris.com\paintings\painting28.jpg --> callisto.affordablehost.com /data/paintings painting28.jpg
101.05.30 19:04 B G:\www.wcharris.com\paintings\painting29.html --> callisto.affordablehost.com /data/paintings painting29.html
101.05.30 19:04 B G:\www.wcharris.com\paintings\painting29.jpg --> callisto.affordablehost.com /data/paintings painting29.jpg
101.05.30 19:04 B G:\www.wcharris.com\paintings\painting30.html --> callisto.affordablehost.com /data/paintings painting30.html
101.05.30 19:04 B G:\www.wcharris.com\paintings\painting30.jpg --> callisto.affordablehost.com /data/paintings painting30.jpg
101.05.30 19:04 B G:\www.wcharris.com\paintings\painting31.html --> callisto.affordablehost.com /data/paintings painting31.html
101.05.30 19:04 B G:\www.wcharris.com\paintings\painting31.jpg --> callisto.affordablehost.com /data/paintings painting31.jpg
101.05.30 19:04 B G:\www.wcharris.com\paintings\painting32.html --> callisto.affordablehost.com /data/paintings painting32.html
101.05.30 19:04 B G:\www.wcharris.com\paintings\painting32.jpg --> callisto.affordablehost.com /data/paintings painting32.jpg
101.05.30 19:04 B G:\www.wcharris.com\paintings\painting33.html --> callisto.affordablehost.com /data/paintings painting33.html
101.05.30 19:04 B G:\www.wcharris.com\paintings\painting33.jpg --> callisto.affordablehost.com /data/paintings painting33.jpg
101.05.30 19:04 B G:\www.wcharris.com\paintings\painting34.html --> callisto.affordablehost.com /data/paintings painting34.html
101.05.30 19:04 B G:\www.wcharris.com\paintings\painting34.jpg --> callisto.affordablehost.com /data/paintings painting34.jpg
101.05.30 19:04 B G:\www.wcharris.com\paintings\painting35.html --> callisto.affordablehost.com /data/paintings painting35.html
101.05.30 19:04 B G:\www.wcharris.com\paintings\painting35.jpg --> callisto.affordablehost.com /data/paintings painting35.jpg
101.05.30 19:04 B G:\www.wcharris.com\paintings\painting36.html --> callisto.affordablehost.com /data/paintings painting36.html
101.05.30 19:04 B G:\www.wcharris.com\paintings\painting36.jpg --> callisto.affordablehost.com /data/paintings painting36.jpg
101.05.30 19:04 B G:\www.wcharris.com\paintings\painting_pics.html --> callisto.affordablehost.com /data/paintings painting_pics.html
101.05.30 19:04 B G:\www.wcharris.com\paintings\paintings_frame.html --> callisto.affordablehost.com /data/paintings paintings_frame.html
101.05.30 19:04 B G:\www.wcharris.com\paintings\xpainting17.jpg --> callisto.affordablehost.com /data/paintings xpainting17.jpg
101.05.30 19:04 B G:\www.wcharris.com\paintings\xpainting18.jpg --> callisto.affordablehost.com /data/paintings xpainting18.jpg
101.05.30 19:04 B G:\www.wcharris.com\paintings\xpainting19.jpg --> callisto.affordablehost.com /data/paintings xpainting19.jpg
101.05.30 19:04 B G:\www.wcharris.com\paintings\xpainting20.jpg --> callisto.affordablehost.com /data/paintings xpainting20.jpg
101.05.30 19:04 B G:\www.wcharris.com\paintings\xpainting21.jpg --> callisto.affordablehost.com /data/paintings xpainting21.jpg
101.05.30 19:04 B G:\www.wcharris.com\paintings\xpainting22.jpg --> callisto.affordablehost.com /data/paintings xpainting22.jpg
101.05.30 19:04 B G:\www.wcharris.com\paintings\xpainting23.jpg --> callisto.affordablehost.com /data/paintings xpainting23.jpg
101.05.30 19:04 B G:\www.wcharris.com\paintings\xpainting24.jpg --> callisto.affordablehost.com /data/paintings xpainting24.jpg
101.05.30 19:04 B G:\www.wcharris.com\paintings\xpainting25.jpg --> callisto.affordablehost.com /data/paintings xpainting25.jpg
101.05.30 19:04 B G:\www.wcharris.com\paintings\xpainting26.jpg --> callisto.affordablehost.com /data/paintings xpainting26.jpg
101.05.30 19:04 B G:\www.wcharris.com\paintings\xpainting27.jpg --> callisto.affordablehost.com /data/paintings xpainting27.jpg
101.05.30 19:04 B G:\www.wcharris.com\paintings\xpainting28.jpg --> callisto.affordablehost.com /data/paintings xpainting28.jpg
101.05.30 19:04 B G:\www.wcharris.com\paintings\xpainting29.jpg --> callisto.affordablehost.com /data/paintings xpainting29.jpg
101.05.30 19:04 B G:\www.wcharris.com\paintings\xpainting30.jpg --> callisto.affordablehost.com /data/paintings xpainting30.jpg
101.05.30 19:04 B G:\www.wcharris.com\paintings\xpainting31.jpg --> callisto.affordablehost.com /data/paintings xpainting31.jpg
101.05.30 19:04 B G:\www.wcharris.com\paintings\xpainting32.jpg --> callisto.affordablehost.com /data/paintings xpainting32.jpg
101.05.30 19:04 B G:\www.wcharris.com\paintings\xpainting33.jpg --> callisto.affordablehost.com /data/paintings xpainting33.jpg
101.05.30 19:05 B G:\www.wcharris.com\paintings\xpainting34.jpg --> callisto.affordablehost.com /data/paintings xpainting34.jpg
101.05.30 19:05 B G:\www.wcharris.com\paintings\xpainting35.jpg --> callisto.affordablehost.com /data/paintings xpainting35.jpg
101.05.30 19:05 B G:\www.wcharris.com\paintings\xpainting36.jpg --> callisto.affordablehost.com /data/paintings xpainting36.jpg
2001.12.06 16:22 B F:\G on 23lvi\mystuff\www.wcharris.com\paintings\painting37.html --> callisto.affordablehost.com /data/paintings painting37.html
2001.12.06 16:22 B F:\G on 23lvi\mystuff\www.wcharris.com\paintings\painting37.jpg --> callisto.affordablehost.com /data/paintings painting37.jpg
2001.12.06 16:23 B F:\G on 23lvi\mystuff\www.wcharris.com\paintings\painting38.html --> callisto.affordablehost.com /data/paintings painting38.html
2001.12.06 16:23 B F:\G on 23lvi\mystuff\www.wcharris.com\paintings\painting38.jpg --> callisto.affordablehost.com /data/paintings painting38.jpg
2001.12.06 16:23 B F:\G on 23lvi\mystuff\www.wcharris.com\paintings\painting39.html --> callisto.affordablehost.com /data/paintings painting39.html
2001.12.06 16:24 B F:\G on 23lvi\mystuff\www.wcharris.com\paintings\painting39.jpg --> callisto.affordablehost.com /data/paintings painting39.jpg
2001.12.06 16:24 B F:\G on 23lvi\mystuff\www.wcharris.com\paintings\painting_pics.html --> callisto.affordablehost.com /data/paintings painting_pics.html
2001.12.06 16:24 B F:\G on 23lvi\mystuff\www.wcharris.com\paintings\paintings_frame.html --> callisto.affordablehost.com /data/paintings paintings_frame.html
2001.12.06 16:25 B F:\G on 23lvi\mystuff\www.wcharris.com\paintings\xpainting37.jpg --> callisto.affordablehost.com /data/paintings xpainting37.jpg
2001.12.06 16:25 B F:\G on 23lvi\mystuff\www.wcharris.com\paintings\xpainting38.jpg --> callisto.affordablehost.com /data/paintings xpainting38.jpg
2001.12.06 16:26 B F:\G on 23lvi\mystuff\www.wcharris.com\paintings\xpainting39.jpg --> callisto.affordablehost.com /data/paintings xpainting39.jpg
2002.05.06 10:43 B F:\mystuff\www.wcharris.com\paintings\painting_pics.html <-- wcharris /data/paintings painting_pics.html
2002.05.06 10:44 B F:\mystuff\www.wcharris.com\paintings\painting_pics.html --> callisto.affordablehost.com /data/paintings painting_pics.html
2002.05.06 14:16 B F:\mystuff\www.wcharris.com\paintings\painting_pics.html --> callisto.affordablehost.com /data/paintings painting_pics.html
2002.05.20 12:28 B F:\mystuff\www.wcharris.com\paintings\painting_pics.html --> callisto.affordablehost.com /data/paintings painting_pics.html
2002.06.18 10:16 B F:\mystuff\www.wcharris.com\paintings\painting_pics.html <-- wcharris /data/paintings painting_pics.html
2002.06.18 10:30 B F:\mystuff\www.wcharris.com\paintings\xpainting71.jpg --> callisto.affordablehost.com /data/paintings xpainting71.jpg
2002.06.18 10:30 B F:\mystuff\www.wcharris.com\paintings\xpainting70.jpg --> callisto.affordablehost.com /data/paintings xpainting70.jpg
2002.06.18 10:30 B F:\mystuff\www.wcharris.com\paintings\painting71.jpg --> callisto.affordablehost.com /data/paintings painting71.jpg
2002.06.18 10:30 B F:\mystuff\www.wcharris.com\paintings\painting70.jpg --> callisto.affordablehost.com /data/paintings painting70.jpg
2002.06.18 10:30 B F:\mystuff\www.wcharris.com\paintings\xpainting69.jpg --> callisto.affordablehost.com /data/paintings xpainting69.jpg
2002.06.18 10:30 B F:\mystuff\www.wcharris.com\paintings\xpainting68.jpg --> callisto.affordablehost.com /data/paintings xpainting68.jpg
2002.06.18 10:30 B F:\mystuff\www.wcharris.com\paintings\painting69.jpg --> callisto.affordablehost.com /data/paintings painting69.jpg
2002.06.18 10:30 B F:\mystuff\www.wcharris.com\paintings\xpainting67.jpg --> callisto.affordablehost.com /data/paintings xpainting67.jpg
2002.06.18 10:30 B F:\mystuff\www.wcharris.com\paintings\painting68.jpg --> callisto.affordablehost.com /data/paintings painting68.jpg
2002.06.18 10:30 B F:\mystuff\www.wcharris.com\paintings\painting67.jpg --> callisto.affordablehost.com /data/paintings painting67.jpg
2002.06.18 10:30 B F:\mystuff\www.wcharris.com\paintings\painting_pics.html --> callisto.affordablehost.com /data/paintings painting_pics.html
2002.06.18 10:30 B F:\mystuff\www.wcharris.com\paintings\painting71.html --> callisto.affordablehost.com /data/paintings painting71.html
2002.06.18 10:30 B F:\mystuff\www.wcharris.com\paintings\painting70.html --> callisto.affordablehost.com /data/paintings painting70.html
2002.06.18 10:30 B F:\mystuff\www.wcharris.com\paintings\painting69.html --> callisto.affordablehost.com /data/paintings painting69.html
2002.06.18 10:30 B F:\mystuff\www.wcharris.com\paintings\painting68.html --> callisto.affordablehost.com /data/paintings painting68.html
2002.06.18 10:30 B F:\mystuff\www.wcharris.com\paintings\painting67.html --> callisto.affordablehost.com /data/paintings painting67.html
2002.06.18 10:30 B F:\mystuff\www.wcharris.com\paintings\paintings_frame.html --> callisto.affordablehost.com /data/paintings paintings_frame.html
2002.06.18 10:34 B F:\mystuff\www.wcharris.com\paintings\painting71.html --> callisto.affordablehost.com /data/paintings painting71.html
2002.06.18 10:34 B F:\mystuff\www.wcharris.com\paintings\painting70.html --> callisto.affordablehost.com /data/paintings painting70.html
2002.06.18 10:34 B F:\mystuff\www.wcharris.com\paintings\painting69.html --> callisto.affordablehost.com /data/paintings painting69.html
2002.06.18 10:39 B F:\mystuff\www.wcharris.com\paintings\paintings_frame.html --> callisto.affordablehost.com /data/paintings paintings_frame.html
2002.07.08 11:36 B F:\mystuff\md\www.wcharris.com\paintings\painting76.html --> callisto.affordablehost.com /data/paintings painting76.html
2002.07.08 11:36 B F:\mystuff\md\www.wcharris.com\paintings\painting75.html --> callisto.affordablehost.com /data/paintings painting75.html
2002.07.08 11:36 B F:\mystuff\md\www.wcharris.com\paintings\painting74.html --> callisto.affordablehost.com /data/paintings painting74.html
2002.07.08 11:36 B F:\mystuff\md\www.wcharris.com\paintings\painting_pics.html --> callisto.affordablehost.com /data/paintings painting_pics.html
2002.07.08 11:36 B F:\mystuff\md\www.wcharris.com\paintings\painting73.html --> callisto.affordablehost.com /data/paintings painting73.html
2002.07.08 11:36 B F:\mystuff\md\www.wcharris.com\paintings\painting72.html --> callisto.affordablehost.com /data/paintings painting72.html
2002.07.08 11:36 B F:\mystuff\md\www.wcharris.com\paintings\paintings_frame.html --> callisto.affordablehost.com /data/paintings paintings_frame.html
2002.07.08 11:36 B F:\mystuff\md\www.wcharris.com\paintings\xpainting76.jpg --> callisto.affordablehost.com /data/paintings xpainting76.jpg
2002.07.08 11:36 B F:\mystuff\md\www.wcharris.com\paintings\painting76.jpg --> callisto.affordablehost.com /data/paintings painting76.jpg
2002.07.08 11:36 B F:\mystuff\md\www.wcharris.com\paintings\xpainting75.jpg --> callisto.affordablehost.com /data/paintings xpainting75.jpg
2002.07.08 11:36 B F:\mystuff\md\www.wcharris.com\paintings\xpainting74.jpg --> callisto.affordablehost.com /data/paintings xpainting74.jpg
2002.07.08 11:36 B F:\mystuff\md\www.wcharris.com\paintings\painting75.jpg --> callisto.affordablehost.com /data/paintings painting75.jpg
2002.07.08 11:36 B F:\mystuff\md\www.wcharris.com\paintings\painting74.jpg --> callisto.affordablehost.com /data/paintings painting74.jpg
2002.07.08 11:36 B F:\mystuff\md\www.wcharris.com\paintings\xpainting73.jpg --> callisto.affordablehost.com /data/paintings xpainting73.jpg
2002.07.08 11:36 B F:\mystuff\md\www.wcharris.com\paintings\painting73.jpg --> callisto.affordablehost.com /data/paintings painting73.jpg
2002.07.08 11:36 B F:\mystuff\md\www.wcharris.com\paintings\xpainting72.jpg --> callisto.affordablehost.com /data/paintings xpainting72.jpg
2002.07.08 11:36 B F:\mystuff\md\www.wcharris.com\paintings\painting72.jpg --> callisto.affordablehost.com /data/paintings painting72.jpg
2002.07.09 14:50 B F:\mystuff\md\www.wcharris.com\paintings\xpainting76.jpg --> callisto.affordablehost.com /data/paintings xpainting76.jpg
2002.07.09 14:50 B F:\mystuff\md\www.wcharris.com\paintings\painting76.jpg --> callisto.affordablehost.com /data/paintings painting76.jpg
2002.07.09 14:50 B F:\mystuff\md\www.wcharris.com\paintings\painting_pics.html --> callisto.affordablehost.com /data/paintings painting_pics.html
2002.07.09 14:51 B F:\mystuff\md\www.wcharris.com\paintings\painting76.html --> callisto.affordablehost.com /data/paintings painting76.html
2002.09.11 13:47 B F:\mystuff\md\www.wcharris.com\paintings\xpainting44.jpg --> callisto.affordablehost.com /data/paintings xpainting44.jpg
2002.09.11 13:47 B F:\mystuff\md\www.wcharris.com\paintings\painting44.jpg --> callisto.affordablehost.com /data/paintings painting44.jpg
2002.09.11 13:47 B F:\mystuff\md\www.wcharris.com\paintings\xpainting78.jpg --> callisto.affordablehost.com /data/paintings xpainting78.jpg
2002.09.11 13:48 B F:\mystuff\md\www.wcharris.com\paintings\painting78.jpg --> callisto.affordablehost.com /data/paintings painting78.jpg
2002.09.11 13:48 B F:\mystuff\md\www.wcharris.com\paintings\xpainting77.jpg --> callisto.affordablehost.com /data/paintings xpainting77.jpg
2002.09.11 13:50 B F:\mystuff\md\www.wcharris.com\paintings\painting77.jpg --> callisto.affordablehost.com /data/paintings painting77.jpg
2002.11.05 15:26 B F:\mystuff\md\www.wcharris.com\paintings\painting_pics.html <-- wcharris /data/paintings painting_pics.html
2002.11.05 15:26 B F:\mystuff\md\www.wcharris.com\paintings\painting_pics.html <-- wcharris /data/paintings painting_pics.html
2002.11.05 15:48 B F:\mystuff\md\www.wcharris.com\paintings\painting91.html --> callisto.affordablehost.com /data/paintings painting91.html
2002.11.05 15:48 B F:\mystuff\md\www.wcharris.com\paintings\painting90.html --> callisto.affordablehost.com /data/paintings painting90.html
2002.11.05 15:48 B F:\mystuff\md\www.wcharris.com\paintings\painting89.html --> callisto.affordablehost.com /data/paintings painting89.html
2002.11.05 15:48 B F:\mystuff\md\www.wcharris.com\paintings\painting88.html --> callisto.affordablehost.com /data/paintings painting88.html
2002.11.05 15:48 B F:\mystuff\md\www.wcharris.com\paintings\painting87.html --> callisto.affordablehost.com /data/paintings painting87.html
2002.11.05 15:48 B F:\mystuff\md\www.wcharris.com\paintings\painting86.html --> callisto.affordablehost.com /data/paintings painting86.html
2002.11.05 15:48 B F:\mystuff\md\www.wcharris.com\paintings\painting85.html --> callisto.affordablehost.com /data/paintings painting85.html
2002.11.05 15:48 B F:\mystuff\md\www.wcharris.com\paintings\painting84.html --> callisto.affordablehost.com /data/paintings painting84.html
2002.11.05 15:48 B F:\mystuff\md\www.wcharris.com\paintings\painting83.html --> callisto.affordablehost.com /data/paintings painting83.html
2002.11.05 15:48 B F:\mystuff\md\www.wcharris.com\paintings\painting82.html --> callisto.affordablehost.com /data/paintings painting82.html
2002.11.05 15:48 B F:\mystuff\md\www.wcharris.com\paintings\painting81.html --> callisto.affordablehost.com /data/paintings painting81.html
2002.11.05 15:48 B F:\mystuff\md\www.wcharris.com\paintings\painting80.html --> callisto.affordablehost.com /data/paintings painting80.html
2002.11.05 15:48 B F:\mystuff\md\www.wcharris.com\paintings\painting79.html --> callisto.affordablehost.com /data/paintings painting79.html
2002.11.05 15:48 B F:\mystuff\md\www.wcharris.com\paintings\painting_pics.html --> callisto.affordablehost.com /data/paintings painting_pics.html
103.08.11 09:51 B C:\share\web design\www.wcharris.com\web site - ftyped 8-11-03\paintings\WS_FTP.LOG <-- wcharris /data/paintings WS_FTP.LOG
103.08.11 09:51 B C:\share\web design\www.wcharris.com\web site - ftyped 8-11-03\paintings\paintings.html <-- wcharris /data/paintings paintings.html
103.08.11 09:51 B C:\share\web design\www.wcharris.com\web site - ftyped 8-11-03\paintings\painting91.jpg <-- wcharris /data/paintings painting91.jpg
103.08.11 09:51 B C:\share\web design\www.wcharris.com\web site - ftyped 8-11-03\paintings\painting91.html <-- wcharris /data/paintings painting91.html
103.08.11 09:51 B C:\share\web design\www.wcharris.com\web site - ftyped 8-11-03\paintings\painting90.jpg <-- wcharris /data/paintings painting90.jpg
103.08.11 09:51 B C:\share\web design\www.wcharris.com\web site - ftyped 8-11-03\paintings\painting90.html <-- wcharris /data/paintings painting90.html
103.08.11 09:51 B C:\share\web design\www.wcharris.com\web site - ftyped 8-11-03\paintings\painting89.jpg <-- wcharris /data/paintings painting89.jpg
103.08.11 09:51 B C:\share\web design\www.wcharris.com\web site - ftyped 8-11-03\paintings\painting89.html <-- wcharris /data/paintings painting89.html
103.08.11 09:51 B C:\share\web design\www.wcharris.com\web site - ftyped 8-11-03\paintings\painting88.jpg <-- wcharris /data/paintings painting88.jpg
103.08.11 09:51 B C:\share\web design\www.wcharris.com\web site - ftyped 8-11-03\paintings\painting88.html <-- wcharris /data/paintings painting88.html
103.08.11 09:51 B C:\share\web design\www.wcharris.com\web site - ftyped 8-11-03\paintings\painting87.jpg <-- wcharris /data/paintings painting87.jpg
103.08.11 09:51 B C:\share\web design\www.wcharris.com\web site - ftyped 8-11-03\paintings\painting87.html <-- wcharris /data/paintings painting87.html
103.08.11 09:51 B C:\share\web design\www.wcharris.com\web site - ftyped 8-11-03\paintings\painting86.jpg <-- wcharris /data/paintings painting86.jpg
103.08.11 09:51 B C:\share\web design\www.wcharris.com\web site - ftyped 8-11-03\paintings\painting86.html <-- wcharris /data/paintings painting86.html
103.08.11 09:51 B C:\share\web design\www.wcharris.com\web site - ftyped 8-11-03\paintings\painting85.jpg <-- wcharris /data/paintings painting85.jpg
103.08.11 09:51 B C:\share\web design\www.wcharris.com\web site - ftyped 8-11-03\paintings\painting85.html <-- wcharris /data/paintings painting85.html
103.08.11 09:51 B C:\share\web design\www.wcharris.com\web site - ftyped 8-11-03\paintings\painting84.jpg <-- wcharris /data/paintings painting84.jpg
103.08.11 09:51 B C:\share\web design\www.wcharris.com\web site - ftyped 8-11-03\paintings\painting84.html <-- wcharris /data/paintings painting84.html
103.08.11 09:51 B C:\share\web design\www.wcharris.com\web site - ftyped 8-11-03\paintings\painting83.jpg <-- wcharris /data/paintings painting83.jpg
103.08.11 09:51 B C:\share\web design\www.wcharris.com\web site - ftyped 8-11-03\paintings\painting83.html <-- wcharris /data/paintings painting83.html
103.08.11 09:51 B C:\share\web design\www.wcharris.com\web site - ftyped 8-11-03\paintings\painting82.jpg <-- wcharris /data/paintings painting82.jpg
103.08.11 09:51 B C:\share\web design\www.wcharris.com\web site - ftyped 8-11-03\paintings\painting82.html <-- wcharris /data/paintings painting82.html
103.08.11 09:51 B C:\share\web design\www.wcharris.com\web site - ftyped 8-11-03\paintings\painting81.jpg <-- wcharris /data/paintings painting81.jpg
103.08.11 09:51 B C:\share\web design\www.wcharris.com\web site - ftyped 8-11-03\paintings\painting81.html <-- wcharris /data/paintings painting81.html
103.08.11 09:51 B C:\share\web design\www.wcharris.com\web site - ftyped 8-11-03\paintings\painting80.jpg <-- wcharris /data/paintings painting80.jpg
103.08.11 09:51 B C:\share\web design\www.wcharris.com\web site - ftyped 8-11-03\paintings\painting80.html <-- wcharris /data/paintings painting80.html
103.08.11 09:51 B C:\share\web design\www.wcharris.com\web site - ftyped 8-11-03\paintings\painting79.jpg <-- wcharris /data/paintings painting79.jpg
103.08.11 09:51 B C:\share\web design\www.wcharris.com\web site - ftyped 8-11-03\paintings\painting79.html <-- wcharris /data/paintings painting79.html
103.08.11 09:51 B C:\share\web design\www.wcharris.com\web site - ftyped 8-11-03\paintings\xpainting78.jpg <-- wcharris /data/paintings xpainting78.jpg
103.08.11 09:51 B C:\share\web design\www.wcharris.com\web site - ftyped 8-11-03\paintings\xpainting77.jpg <-- wcharris /data/paintings xpainting77.jpg
103.08.11 09:51 B C:\share\web design\www.wcharris.com\web site - ftyped 8-11-03\paintings\xpainting44.jpg <-- wcharris /data/paintings xpainting44.jpg
103.08.11 09:52 B C:\share\web design\www.wcharris.com\web site - ftyped 8-11-03\paintings\painting78.jpg <-- wcharris /data/paintings painting78.jpg
103.08.11 09:52 B C:\share\web design\www.wcharris.com\web site - ftyped 8-11-03\paintings\painting78.html <-- wcharris /data/paintings painting78.html
103.08.11 09:52 B C:\share\web design\www.wcharris.com\web site - ftyped 8-11-03\paintings\painting77.jpg <-- wcharris /data/paintings painting77.jpg
103.08.11 09:52 B C:\share\web design\www.wcharris.com\web site - ftyped 8-11-03\paintings\painting77.html <-- wcharris /data/paintings painting77.html
103.08.11 09:52 B C:\share\web design\www.wcharris.com\web site - ftyped 8-11-03\paintings\painting44.jpg <-- wcharris /data/paintings painting44.jpg
103.08.11 09:52 B C:\share\web design\www.wcharris.com\web site - ftyped 8-11-03\paintings\painting44.html <-- wcharris /data/paintings painting44.html
103.08.11 09:52 B C:\share\web design\www.wcharris.com\web site - ftyped 8-11-03\paintings\xpainting76.jpg <-- wcharris /data/paintings xpainting76.jpg
103.08.11 09:52 B C:\share\web design\www.wcharris.com\web site - ftyped 8-11-03\paintings\painting76.jpg <-- wcharris /data/paintings painting76.jpg
103.08.11 09:52 B C:\share\web design\www.wcharris.com\web site - ftyped 8-11-03\paintings\painting76.html <-- wcharris /data/paintings painting76.html
103.08.11 09:52 B C:\share\web design\www.wcharris.com\web site - ftyped 8-11-03\paintings\xpainting75.jpg <-- wcharris /data/paintings xpainting75.jpg
103.08.11 09:52 B C:\share\web design\www.wcharris.com\web site - ftyped 8-11-03\paintings\xpainting74.jpg <-- wcharris /data/paintings xpainting74.jpg
103.08.11 09:52 B C:\share\web design\www.wcharris.com\web site - ftyped 8-11-03\paintings\xpainting73.jpg <-- wcharris /data/paintings xpainting73.jpg
103.08.11 09:52 B C:\share\web design\www.wcharris.com\web site - ftyped 8-11-03\paintings\xpainting72.jpg <-- wcharris /data/paintings xpainting72.jpg
103.08.11 09:52 B C:\share\web design\www.wcharris.com\web site - ftyped 8-11-03\paintings\painting75.jpg <-- wcharris /data/paintings painting75.jpg
103.08.11 09:52 B C:\share\web design\www.wcharris.com\web site - ftyped 8-11-03\paintings\painting75.html <-- wcharris /data/paintings painting75.html
103.08.11 09:52 B C:\share\web design\www.wcharris.com\web site - ftyped 8-11-03\paintings\painting74.jpg <-- wcharris /data/paintings painting74.jpg
103.08.11 09:52 B C:\share\web design\www.wcharris.com\web site - ftyped 8-11-03\paintings\painting74.html <-- wcharris /data/paintings painting74.html
103.08.11 09:52 B C:\share\web design\www.wcharris.com\web site - ftyped 8-11-03\paintings\painting73.jpg <-- wcharris /data/paintings painting73.jpg
103.08.11 09:52 B C:\share\web design\www.wcharris.com\web site - ftyped 8-11-03\paintings\painting73.html <-- wcharris /data/paintings painting73.html
103.08.11 09:52 B C:\share\web design\www.wcharris.com\web site - ftyped 8-11-03\paintings\painting72.jpg <-- wcharris /data/paintings painting72.jpg
103.08.11 09:52 B C:\share\web design\www.wcharris.com\web site - ftyped 8-11-03\paintings\painting72.html <-- wcharris /data/paintings painting72.html
103.08.11 09:52 B C:\share\web design\www.wcharris.com\web site - ftyped 8-11-03\paintings\xpainting71.jpg <-- wcharris /data/paintings xpainting71.jpg
103.08.11 09:52 B C:\share\web design\www.wcharris.com\web site - ftyped 8-11-03\paintings\xpainting70.jpg <-- wcharris /data/paintings xpainting70.jpg
103.08.11 09:52 B C:\share\web design\www.wcharris.com\web site - ftyped 8-11-03\paintings\xpainting69.jpg <-- wcharris /data/paintings xpainting69.jpg
103.08.11 09:52 B C:\share\web design\www.wcharris.com\web site - ftyped 8-11-03\paintings\xpainting68.jpg <-- wcharris /data/paintings xpainting68.jpg
103.08.11 09:52 B C:\share\web design\www.wcharris.com\web site - ftyped 8-11-03\paintings\xpainting67.jpg <-- wcharris /data/paintings xpainting67.jpg
103.08.11 09:52 B C:\share\web design\www.wcharris.com\web site - ftyped 8-11-03\paintings\painting71.jpg <-- wcharris /data/paintings painting71.jpg
103.08.11 09:52 B C:\share\web design\www.wcharris.com\web site - ftyped 8-11-03\paintings\painting71.html <-- wcharris /data/paintings painting71.html
103.08.11 09:52 B C:\share\web design\www.wcharris.com\web site - ftyped 8-11-03\paintings\painting70.jpg <-- wcharris /data/paintings painting70.jpg
103.08.11 09:52 B C:\share\web design\www.wcharris.com\web site - ftyped 8-11-03\paintings\painting70.html <-- wcharris /data/paintings painting70.html
103.08.11 09:52 B C:\share\web design\www.wcharris.com\web site - ftyped 8-11-03\paintings\painting69.jpg <-- wcharris /data/paintings painting69.jpg
103.08.11 09:52 B C:\share\web design\www.wcharris.com\web site - ftyped 8-11-03\paintings\painting69.html <-- wcharris /data/paintings painting69.html
103.08.11 09:52 B C:\share\web design\www.wcharris.com\web site - ftyped 8-11-03\paintings\painting68.jpg <-- wcharris /data/paintings painting68.jpg
103.08.11 09:52 B C:\share\web design\www.wcharris.com\web site - ftyped 8-11-03\paintings\painting68.html <-- wcharris /data/paintings painting68.html
103.08.11 09:52 B C:\share\web design\www.wcharris.com\web site - ftyped 8-11-03\paintings\painting67.jpg <-- wcharris /data/paintings painting67.jpg
103.08.11 09:52 B C:\share\web design\www.wcharris.com\web site - ftyped 8-11-03\paintings\painting67.html <-- wcharris /data/paintings painting67.html
103.08.11 09:52 B C:\share\web design\www.wcharris.com\web site - ftyped 8-11-03\paintings\xpainting66.jpg <-- wcharris /data/paintings xpainting66.jpg
103.08.11 09:52 B C:\share\web design\www.wcharris.com\web site - ftyped 8-11-03\paintings\xpainting65.jpg <-- wcharris /data/paintings xpainting65.jpg
103.08.11 09:52 B C:\share\web design\www.wcharris.com\web site - ftyped 8-11-03\paintings\xpainting64.jpg <-- wcharris /data/paintings xpainting64.jpg
103.08.11 09:52 B C:\share\web design\www.wcharris.com\web site - ftyped 8-11-03\paintings\xpainting63.jpg <-- wcharris /data/paintings xpainting63.jpg
103.08.11 09:52 B C:\share\web design\www.wcharris.com\web site - ftyped 8-11-03\paintings\painting66.jpg <-- wcharris /data/paintings painting66.jpg
103.08.11 09:52 B C:\share\web design\www.wcharris.com\web site - ftyped 8-11-03\paintings\painting66.html <-- wcharris /data/paintings painting66.html
103.08.11 09:52 B C:\share\web design\www.wcharris.com\web site - ftyped 8-11-03\paintings\painting65.jpg <-- wcharris /data/paintings painting65.jpg
103.08.11 09:52 B C:\share\web design\www.wcharris.com\web site - ftyped 8-11-03\paintings\painting65.html <-- wcharris /data/paintings painting65.html
103.08.11 09:53 B C:\share\web design\www.wcharris.com\web site - ftyped 8-11-03\paintings\painting64.jpg <-- wcharris /data/paintings painting64.jpg
103.08.11 09:53 B C:\share\web design\www.wcharris.com\web site - ftyped 8-11-03\paintings\painting64.html <-- wcharris /data/paintings painting64.html
103.08.11 09:53 B C:\share\web design\www.wcharris.com\web site - ftyped 8-11-03\paintings\painting63.jpg <-- wcharris /data/paintings painting63.jpg
103.08.11 09:53 B C:\share\web design\www.wcharris.com\web site - ftyped 8-11-03\paintings\painting63.html <-- wcharris /data/paintings painting63.html
103.08.11 09:53 B C:\share\web design\www.wcharris.com\web site - ftyped 8-11-03\paintings\xpainting62.jpg <-- wcharris /data/paintings xpainting62.jpg
103.08.11 09:53 B C:\share\web design\www.wcharris.com\web site - ftyped 8-11-03\paintings\xpainting61.jpg <-- wcharris /data/paintings xpainting61.jpg
103.08.11 09:53 B C:\share\web design\www.wcharris.com\web site - ftyped 8-11-03\paintings\painting62.jpg <-- wcharris /data/paintings painting62.jpg
103.08.11 09:53 B C:\share\web design\www.wcharris.com\web site - ftyped 8-11-03\paintings\painting62.html <-- wcharris /data/paintings painting62.html
103.08.11 09:53 B C:\share\web design\www.wcharris.com\web site - ftyped 8-11-03\paintings\painting61.jpg <-- wcharris /data/paintings painting61.jpg
103.08.11 09:53 B C:\share\web design\www.wcharris.com\web site - ftyped 8-11-03\paintings\painting61.html <-- wcharris /data/paintings painting61.html
103.08.11 09:53 B C:\share\web design\www.wcharris.com\web site - ftyped 8-11-03\paintings\xpainting60.jpg <-- wcharris /data/paintings xpainting60.jpg
103.08.11 09:53 B C:\share\web design\www.wcharris.com\web site - ftyped 8-11-03\paintings\xpainting59.jpg <-- wcharris /data/paintings xpainting59.jpg
103.08.11 09:53 B C:\share\web design\www.wcharris.com\web site - ftyped 8-11-03\paintings\xpainting58.jpg <-- wcharris /data/paintings xpainting58.jpg
103.08.11 09:53 B C:\share\web design\www.wcharris.com\web site - ftyped 8-11-03\paintings\xpainting57.jpg <-- wcharris /data/paintings xpainting57.jpg
103.08.11 09:53 B C:\share\web design\www.wcharris.com\web site - ftyped 8-11-03\paintings\xpainting56.jpg <-- wcharris /data/paintings xpainting56.jpg
103.08.11 09:53 B C:\share\web design\www.wcharris.com\web site - ftyped 8-11-03\paintings\xpainting55.jpg <-- wcharris /data/paintings xpainting55.jpg
103.08.11 09:53 B C:\share\web design\www.wcharris.com\web site - ftyped 8-11-03\paintings\xpainting54.jpg <-- wcharris /data/paintings xpainting54.jpg
103.08.11 09:53 B C:\share\web design\www.wcharris.com\web site - ftyped 8-11-03\paintings\xpainting53.jpg <-- wcharris /data/paintings xpainting53.jpg
103.08.11 09:53 B C:\share\web design\www.wcharris.com\web site - ftyped 8-11-03\paintings\xpainting52.jpg <-- wcharris /data/paintings xpainting52.jpg
103.08.11 09:53 B C:\share\web design\www.wcharris.com\web site - ftyped 8-11-03\paintings\xpainting51.jpg <-- wcharris /data/paintings xpainting51.jpg
103.08.11 09:53 B C:\share\web design\www.wcharris.com\web site - ftyped 8-11-03\paintings\xpainting50.jpg <-- wcharris /data/paintings xpainting50.jpg
103.08.11 09:53 B C:\share\web design\www.wcharris.com\web site - ftyped 8-11-03\paintings\xpainting49.jpg <-- wcharris /data/paintings xpainting49.jpg
103.08.11 09:53 B C:\share\web design\www.wcharris.com\web site - ftyped 8-11-03\paintings\xpainting48.jpg <-- wcharris /data/paintings xpainting48.jpg
103.08.11 09:53 B C:\share\web design\www.wcharris.com\web site - ftyped 8-11-03\paintings\xpainting47.jpg <-- wcharris /data/paintings xpainting47.jpg
103.08.11 09:53 B C:\share\web design\www.wcharris.com\web site - ftyped 8-11-03\paintings\xpainting46.jpg <-- wcharris /data/paintings xpainting46.jpg
103.08.11 09:53 B C:\share\web design\www.wcharris.com\web site - ftyped 8-11-03\paintings\xpainting45.jpg <-- wcharris /data/paintings xpainting45.jpg
103.08.11 09:53 B C:\share\web design\www.wcharris.com\web site - ftyped 8-11-03\paintings\xpainting43.jpg <-- wcharris /data/paintings xpainting43.jpg
103.08.11 09:53 B C:\share\web design\www.wcharris.com\web site - ftyped 8-11-03\paintings\xpainting42.jpg <-- wcharris /data/paintings xpainting42.jpg
103.08.11 09:53 B C:\share\web design\www.wcharris.com\web site - ftyped 8-11-03\paintings\xpainting41.jpg <-- wcharris /data/paintings xpainting41.jpg
103.08.11 09:53 B C:\share\web design\www.wcharris.com\web site - ftyped 8-11-03\paintings\xpainting40.jpg <-- wcharris /data/paintings xpainting40.jpg
103.08.11 09:53 B C:\share\web design\www.wcharris.com\web site - ftyped 8-11-03\paintings\painting60.jpg <-- wcharris /data/paintings painting60.jpg
103.08.11 09:53 B C:\share\web design\www.wcharris.com\web site - ftyped 8-11-03\paintings\painting60.html <-- wcharris /data/paintings painting60.html
103.08.11 09:53 B C:\share\web design\www.wcharris.com\web site - ftyped 8-11-03\paintings\painting59.jpg <-- wcharris /data/paintings painting59.jpg
103.08.11 09:53 B C:\share\web design\www.wcharris.com\web site - ftyped 8-11-03\paintings\painting59.html <-- wcharris /data/paintings painting59.html
103.08.11 09:53 B C:\share\web design\www.wcharris.com\web site - ftyped 8-11-03\paintings\painting58.jpg <-- wcharris /data/paintings painting58.jpg
103.08.11 09:53 B C:\share\web design\www.wcharris.com\web site - ftyped 8-11-03\paintings\painting58.html <-- wcharris /data/paintings painting58.html
103.08.11 09:53 B C:\share\web design\www.wcharris.com\web site - ftyped 8-11-03\paintings\painting57.jpg <-- wcharris /data/paintings painting57.jpg
103.08.11 09:53 B C:\share\web design\www.wcharris.com\web site - ftyped 8-11-03\paintings\painting57.html <-- wcharris /data/paintings painting57.html
103.08.11 09:53 B C:\share\web design\www.wcharris.com\web site - ftyped 8-11-03\paintings\painting56.jpg <-- wcharris /data/paintings painting56.jpg
103.08.11 09:53 B C:\share\web design\www.wcharris.com\web site - ftyped 8-11-03\paintings\painting56.html <-- wcharris /data/paintings painting56.html
103.08.11 09:53 B C:\share\web design\www.wcharris.com\web site - ftyped 8-11-03\paintings\painting55.jpg <-- wcharris /data/paintings painting55.jpg
103.08.11 09:53 B C:\share\web design\www.wcharris.com\web site - ftyped 8-11-03\paintings\painting55.html <-- wcharris /data/paintings painting55.html
103.08.11 09:53 B C:\share\web design\www.wcharris.com\web site - ftyped 8-11-03\paintings\painting54.jpg <-- wcharris /data/paintings painting54.jpg
103.08.11 09:53 B C:\share\web design\www.wcharris.com\web site - ftyped 8-11-03\paintings\painting54.html <-- wcharris /data/paintings painting54.html
103.08.11 09:53 B C:\share\web design\www.wcharris.com\web site - ftyped 8-11-03\paintings\painting53.jpg <-- wcharris /data/paintings painting53.jpg
103.08.11 09:53 B C:\share\web design\www.wcharris.com\web site - ftyped 8-11-03\paintings\painting53.html <-- wcharris /data/paintings painting53.html
103.08.11 09:54 B C:\share\web design\www.wcharris.com\web site - ftyped 8-11-03\paintings\painting52.jpg <-- wcharris /data/paintings painting52.jpg
103.08.11 09:54 B C:\share\web design\www.wcharris.com\web site - ftyped 8-11-03\paintings\painting52.html <-- wcharris /data/paintings painting52.html
103.08.11 09:54 B C:\share\web design\www.wcharris.com\web site - ftyped 8-11-03\paintings\painting51.jpg <-- wcharris /data/paintings painting51.jpg
103.08.11 09:54 B C:\share\web design\www.wcharris.com\web site - ftyped 8-11-03\paintings\painting51.html <-- wcharris /data/paintings painting51.html
103.08.11 09:54 B C:\share\web design\www.wcharris.com\web site - ftyped 8-11-03\paintings\painting50.jpg <-- wcharris /data/paintings painting50.jpg
103.08.11 09:54 B C:\share\web design\www.wcharris.com\web site - ftyped 8-11-03\paintings\painting50.html <-- wcharris /data/paintings painting50.html
103.08.11 09:54 B C:\share\web design\www.wcharris.com\web site - ftyped 8-11-03\paintings\painting49.jpg <-- wcharris /data/paintings painting49.jpg
103.08.11 09:54 B C:\share\web design\www.wcharris.com\web site - ftyped 8-11-03\paintings\painting49.html <-- wcharris /data/paintings painting49.html
103.08.11 09:54 B C:\share\web design\www.wcharris.com\web site - ftyped 8-11-03\paintings\painting48.jpg <-- wcharris /data/paintings painting48.jpg
103.08.11 09:54 B C:\share\web design\www.wcharris.com\web site - ftyped 8-11-03\paintings\painting48.html <-- wcharris /data/paintings painting48.html
103.08.11 09:54 B C:\share\web design\www.wcharris.com\web site - ftyped 8-11-03\paintings\painting47.jpg <-- wcharris /data/paintings painting47.jpg
103.08.11 09:54 B C:\share\web design\www.wcharris.com\web site - ftyped 8-11-03\paintings\painting47.html <-- wcharris /data/paintings painting47.html
103.08.11 09:54 B C:\share\web design\www.wcharris.com\web site - ftyped 8-11-03\paintings\painting46.jpg <-- wcharris /data/paintings painting46.jpg
103.08.11 09:54 B C:\share\web design\www.wcharris.com\web site - ftyped 8-11-03\paintings\painting46.html <-- wcharris /data/paintings painting46.html
103.08.11 09:54 B C:\share\web design\www.wcharris.com\web site - ftyped 8-11-03\paintings\painting45.jpg <-- wcharris /data/paintings painting45.jpg
103.08.11 09:54 B C:\share\web design\www.wcharris.com\web site - ftyped 8-11-03\paintings\painting45.html <-- wcharris /data/paintings painting45.html
103.08.11 09:54 B C:\share\web design\www.wcharris.com\web site - ftyped 8-11-03\paintings\painting43.jpg <-- wcharris /data/paintings painting43.jpg
103.08.11 09:54 B C:\share\web design\www.wcharris.com\web site - ftyped 8-11-03\paintings\painting43.html <-- wcharris /data/paintings painting43.html
103.08.11 09:54 B C:\share\web design\www.wcharris.com\web site - ftyped 8-11-03\paintings\painting42.jpg <-- wcharris /data/paintings painting42.jpg
103.08.11 09:54 B C:\share\web design\www.wcharris.com\web site - ftyped 8-11-03\paintings\painting42.html <-- wcharris /data/paintings painting42.html
103.08.11 09:54 B C:\share\web design\www.wcharris.com\web site - ftyped 8-11-03\paintings\painting41.jpg <-- wcharris /data/paintings painting41.jpg
103.08.11 09:54 B C:\share\web design\www.wcharris.com\web site - ftyped 8-11-03\paintings\painting41.html <-- wcharris /data/paintings painting41.html
103.08.11 09:54 B C:\share\web design\www.wcharris.com\web site - ftyped 8-11-03\paintings\painting40.jpg <-- wcharris /data/paintings painting40.jpg
103.08.11 09:54 B C:\share\web design\www.wcharris.com\web site - ftyped 8-11-03\paintings\painting40.html <-- wcharris /data/paintings painting40.html
103.08.11 09:54 B C:\share\web design\www.wcharris.com\web site - ftyped 8-11-03\paintings\xpainting39.jpg <-- wcharris /data/paintings xpainting39.jpg
103.08.11 10:16 B C:\share\web design\www.wcharris.com\web site - ftyped 8-11-03\paintings\painting1.html <-- wcharris /data/paintings painting1.html
103.08.11 10:16 B C:\share\web design\www.wcharris.com\web site - ftyped 8-11-03\paintings\painting1.jpg <-- wcharris /data/paintings painting1.jpg
103.08.11 10:16 B C:\share\web design\www.wcharris.com\web site - ftyped 8-11-03\paintings\painting10.html <-- wcharris /data/paintings painting10.html
103.08.11 10:16 B C:\share\web design\www.wcharris.com\web site - ftyped 8-11-03\paintings\painting10.jpg <-- wcharris /data/paintings painting10.jpg
103.08.11 10:16 B C:\share\web design\www.wcharris.com\web site - ftyped 8-11-03\paintings\painting11.html <-- wcharris /data/paintings painting11.html
103.08.11 10:16 B C:\share\web design\www.wcharris.com\web site - ftyped 8-11-03\paintings\painting11.jpg <-- wcharris /data/paintings painting11.jpg
103.08.11 10:16 B C:\share\web design\www.wcharris.com\web site - ftyped 8-11-03\paintings\painting12.html <-- wcharris /data/paintings painting12.html
103.08.11 10:16 B C:\share\web design\www.wcharris.com\web site - ftyped 8-11-03\paintings\painting12.jpg <-- wcharris /data/paintings painting12.jpg
103.08.11 10:16 B C:\share\web design\www.wcharris.com\web site - ftyped 8-11-03\paintings\painting13.html <-- wcharris /data/paintings painting13.html
103.08.11 10:16 B C:\share\web design\www.wcharris.com\web site - ftyped 8-11-03\paintings\painting13.jpg <-- wcharris /data/paintings painting13.jpg
103.08.11 10:16 B C:\share\web design\www.wcharris.com\web site - ftyped 8-11-03\paintings\painting14.html <-- wcharris /data/paintings painting14.html
103.08.11 10:16 B C:\share\web design\www.wcharris.com\web site - ftyped 8-11-03\paintings\painting14.jpg <-- wcharris /data/paintings painting14.jpg
103.08.11 10:16 B C:\share\web design\www.wcharris.com\web site - ftyped 8-11-03\paintings\painting15.html <-- wcharris /data/paintings painting15.html
103.08.11 10:16 B C:\share\web design\www.wcharris.com\web site - ftyped 8-11-03\paintings\painting15.jpg <-- wcharris /data/paintings painting15.jpg
103.08.11 10:16 B C:\share\web design\www.wcharris.com\web site - ftyped 8-11-03\paintings\painting16.html <-- wcharris /data/paintings painting16.html
103.08.11 10:17 B C:\share\web design\www.wcharris.com\web site - ftyped 8-11-03\paintings\painting16.jpg <-- wcharris /data/paintings painting16.jpg
103.08.11 10:17 B C:\share\web design\www.wcharris.com\web site - ftyped 8-11-03\paintings\painting17.html <-- wcharris /data/paintings painting17.html
103.08.11 10:17 B C:\share\web design\www.wcharris.com\web site - ftyped 8-11-03\paintings\painting17.jpg <-- wcharris /data/paintings painting17.jpg
103.08.11 10:17 B C:\share\web design\www.wcharris.com\web site - ftyped 8-11-03\paintings\painting18.html <-- wcharris /data/paintings painting18.html
103.08.11 10:17 B C:\share\web design\www.wcharris.com\web site - ftyped 8-11-03\paintings\painting18.jpg <-- wcharris /data/paintings painting18.jpg
103.08.11 10:17 B C:\share\web design\www.wcharris.com\web site - ftyped 8-11-03\paintings\painting19.html <-- wcharris /data/paintings painting19.html
103.08.11 10:17 B C:\share\web design\www.wcharris.com\web site - ftyped 8-11-03\paintings\painting19.jpg <-- wcharris /data/paintings painting19.jpg
103.08.11 10:17 B C:\share\web design\www.wcharris.com\web site - ftyped 8-11-03\paintings\painting2.html <-- wcharris /data/paintings painting2.html
103.08.11 10:17 B C:\share\web design\www.wcharris.com\web site - ftyped 8-11-03\paintings\painting2.jpg <-- wcharris /data/paintings painting2.jpg
103.08.11 10:17 B C:\share\web design\www.wcharris.com\web site - ftyped 8-11-03\paintings\painting20.html <-- wcharris /data/paintings painting20.html
103.08.11 10:17 B C:\share\web design\www.wcharris.com\web site - ftyped 8-11-03\paintings\painting20.jpg <-- wcharris /data/paintings painting20.jpg
103.08.11 10:17 B C:\share\web design\www.wcharris.com\web site - ftyped 8-11-03\paintings\painting21.html <-- wcharris /data/paintings painting21.html
103.08.11 10:17 B C:\share\web design\www.wcharris.com\web site - ftyped 8-11-03\paintings\painting21.jpg <-- wcharris /data/paintings painting21.jpg
103.08.11 10:17 B C:\share\web design\www.wcharris.com\web site - ftyped 8-11-03\paintings\painting22.html <-- wcharris /data/paintings painting22.html
103.08.11 10:17 B C:\share\web design\www.wcharris.com\web site - ftyped 8-11-03\paintings\painting22.jpg <-- wcharris /data/paintings painting22.jpg
103.08.11 10:17 B C:\share\web design\www.wcharris.com\web site - ftyped 8-11-03\paintings\painting23.html <-- wcharris /data/paintings painting23.html
103.08.11 10:20 B C:\share\web design\www.wcharris.com\web site - ftyped 8-11-03\paintings\painting23.html <-- wcharris /data/paintings painting23.html
103.08.11 10:20 B C:\share\web design\www.wcharris.com\web site - ftyped 8-11-03\paintings\painting23.jpg <-- wcharris /data/paintings painting23.jpg
103.08.11 10:20 B C:\share\web design\www.wcharris.com\web site - ftyped 8-11-03\paintings\painting24.html <-- wcharris /data/paintings painting24.html
103.08.11 10:20 B C:\share\web design\www.wcharris.com\web site - ftyped 8-11-03\paintings\painting24.jpg <-- wcharris /data/paintings painting24.jpg
103.08.11 10:20 B C:\share\web design\www.wcharris.com\web site - ftyped 8-11-03\paintings\painting25.html <-- wcharris /data/paintings painting25.html
103.08.11 10:20 B C:\share\web design\www.wcharris.com\web site - ftyped 8-11-03\paintings\painting25.jpg <-- wcharris /data/paintings painting25.jpg
103.08.11 10:20 B C:\share\web design\www.wcharris.com\web site - ftyped 8-11-03\paintings\painting26.html <-- wcharris /data/paintings painting26.html
103.08.11 10:20 B C:\share\web design\www.wcharris.com\web site - ftyped 8-11-03\paintings\painting26.jpg <-- wcharris /data/paintings painting26.jpg
103.08.11 10:20 B C:\share\web design\www.wcharris.com\web site - ftyped 8-11-03\paintings\painting27.html <-- wcharris /data/paintings painting27.html
103.08.11 10:20 B C:\share\web design\www.wcharris.com\web site - ftyped 8-11-03\paintings\painting27.jpg <-- wcharris /data/paintings painting27.jpg
103.08.11 10:20 B C:\share\web design\www.wcharris.com\web site - ftyped 8-11-03\paintings\painting28.html <-- wcharris /data/paintings painting28.html
103.08.11 10:20 B C:\share\web design\www.wcharris.com\web site - ftyped 8-11-03\paintings\painting28.jpg <-- wcharris /data/paintings painting28.jpg
103.08.11 10:20 B C:\share\web design\www.wcharris.com\web site - ftyped 8-11-03\paintings\painting29.html <-- wcharris /data/paintings painting29.html
103.08.11 10:20 B C:\share\web design\www.wcharris.com\web site - ftyped 8-11-03\paintings\painting29.jpg <-- wcharris /data/paintings painting29.jpg
103.08.11 10:20 B C:\share\web design\www.wcharris.com\web site - ftyped 8-11-03\paintings\painting3.html <-- wcharris /data/paintings painting3.html
103.08.11 10:20 B C:\share\web design\www.wcharris.com\web site - ftyped 8-11-03\paintings\painting3.jpg <-- wcharris /data/paintings painting3.jpg
103.08.11 10:20 B C:\share\web design\www.wcharris.com\web site - ftyped 8-11-03\paintings\painting30.html <-- wcharris /data/paintings painting30.html
103.08.11 10:20 B C:\share\web design\www.wcharris.com\web site - ftyped 8-11-03\paintings\painting30.jpg <-- wcharris /data/paintings painting30.jpg
103.08.11 10:20 B C:\share\web design\www.wcharris.com\web site - ftyped 8-11-03\paintings\painting31.html <-- wcharris /data/paintings painting31.html
103.08.11 10:20 B C:\share\web design\www.wcharris.com\web site - ftyped 8-11-03\paintings\painting31.jpg <-- wcharris /data/paintings painting31.jpg
103.08.11 10:20 B C:\share\web design\www.wcharris.com\web site - ftyped 8-11-03\paintings\painting32.html <-- wcharris /data/paintings painting32.html
103.08.11 10:20 B C:\share\web design\www.wcharris.com\web site - ftyped 8-11-03\paintings\painting32.jpg <-- wcharris /data/paintings painting32.jpg
103.08.11 10:20 B C:\share\web design\www.wcharris.com\web site - ftyped 8-11-03\paintings\painting33.html <-- wcharris /data/paintings painting33.html
103.08.11 10:20 B C:\share\web design\www.wcharris.com\web site - ftyped 8-11-03\paintings\painting33.jpg <-- wcharris /data/paintings painting33.jpg
103.08.11 10:20 B C:\share\web design\www.wcharris.com\web site - ftyped 8-11-03\paintings\painting34.html <-- wcharris /data/paintings painting34.html
103.08.11 10:20 B C:\share\web design\www.wcharris.com\web site - ftyped 8-11-03\paintings\painting34.jpg <-- wcharris /data/paintings painting34.jpg
103.08.11 10:20 B C:\share\web design\www.wcharris.com\web site - ftyped 8-11-03\paintings\painting35.html <-- wcharris /data/paintings painting35.html
103.08.11 10:20 B C:\share\web design\www.wcharris.com\web site - ftyped 8-11-03\paintings\painting35.jpg <-- wcharris /data/paintings painting35.jpg
103.08.11 10:20 B C:\share\web design\www.wcharris.com\web site - ftyped 8-11-03\paintings\painting36.html <-- wcharris /data/paintings painting36.html
103.08.11 10:20 B C:\share\web design\www.wcharris.com\web site - ftyped 8-11-03\paintings\painting36.jpg <-- wcharris /data/paintings painting36.jpg
103.08.11 10:20 B C:\share\web design\www.wcharris.com\web site - ftyped 8-11-03\paintings\painting37.html <-- wcharris /data/paintings painting37.html
103.08.11 10:20 B C:\share\web design\www.wcharris.com\web site - ftyped 8-11-03\paintings\painting37.jpg <-- wcharris /data/paintings painting37.jpg
103.08.11 10:20 B C:\share\web design\www.wcharris.com\web site - ftyped 8-11-03\paintings\painting38.html <-- wcharris /data/paintings painting38.html
103.08.11 10:20 B C:\share\web design\www.wcharris.com\web site - ftyped 8-11-03\paintings\painting38.jpg <-- wcharris /data/paintings painting38.jpg
103.08.11 10:20 B C:\share\web design\www.wcharris.com\web site - ftyped 8-11-03\paintings\xpainting1.jpg <-- wcharris /data/paintings xpainting1.jpg
103.08.11 10:20 B C:\share\web design\www.wcharris.com\web site - ftyped 8-11-03\paintings\xpainting10.jpg <-- wcharris /data/paintings xpainting10.jpg
103.08.11 10:20 B C:\share\web design\www.wcharris.com\web site - ftyped 8-11-03\paintings\xpainting11.jpg <-- wcharris /data/paintings xpainting11.jpg
103.08.11 10:20 B C:\share\web design\www.wcharris.com\web site - ftyped 8-11-03\paintings\xpainting12.jpg <-- wcharris /data/paintings xpainting12.jpg
103.08.11 10:20 B C:\share\web design\www.wcharris.com\web site - ftyped 8-11-03\paintings\xpainting13.jpg <-- wcharris /data/paintings xpainting13.jpg
103.08.11 10:20 B C:\share\web design\www.wcharris.com\web site - ftyped 8-11-03\paintings\xpainting14.jpg <-- wcharris /data/paintings xpainting14.jpg
103.08.11 10:20 B C:\share\web design\www.wcharris.com\web site - ftyped 8-11-03\paintings\xpainting15.jpg <-- wcharris /data/paintings xpainting15.jpg
103.08.11 10:20 B C:\share\web design\www.wcharris.com\web site - ftyped 8-11-03\paintings\xpainting16.jpg <-- wcharris /data/paintings xpainting16.jpg
103.08.11 10:20 B C:\share\web design\www.wcharris.com\web site - ftyped 8-11-03\paintings\xpainting17.jpg <-- wcharris /data/paintings xpainting17.jpg
103.08.11 10:20 B C:\share\web design\www.wcharris.com\web site - ftyped 8-11-03\paintings\xpainting18.jpg <-- wcharris /data/paintings xpainting18.jpg
103.08.11 10:20 B C:\share\web design\www.wcharris.com\web site - ftyped 8-11-03\paintings\xpainting19.jpg <-- wcharris /data/paintings xpainting19.jpg
103.08.11 10:20 B C:\share\web design\www.wcharris.com\web site - ftyped 8-11-03\paintings\xpainting2.jpg <-- wcharris /data/paintings xpainting2.jpg
103.08.11 10:20 B C:\share\web design\www.wcharris.com\web site - ftyped 8-11-03\paintings\xpainting20.jpg <-- wcharris /data/paintings xpainting20.jpg
103.08.11 10:20 B C:\share\web design\www.wcharris.com\web site - ftyped 8-11-03\paintings\xpainting21.jpg <-- wcharris /data/paintings xpainting21.jpg
103.08.11 10:20 B C:\share\web design\www.wcharris.com\web site - ftyped 8-11-03\paintings\xpainting22.jpg <-- wcharris /data/paintings xpainting22.jpg
103.08.11 10:20 B C:\share\web design\www.wcharris.com\web site - ftyped 8-11-03\paintings\xpainting23.jpg <-- wcharris /data/paintings xpainting23.jpg
103.08.11 10:20 B C:\share\web design\www.wcharris.com\web site - ftyped 8-11-03\paintings\xpainting24.jpg <-- wcharris /data/paintings xpainting24.jpg
103.08.11 10:20 B C:\share\web design\www.wcharris.com\web site - ftyped 8-11-03\paintings\xpainting25.jpg <-- wcharris /data/paintings xpainting25.jpg
103.08.11 10:20 B C:\share\web design\www.wcharris.com\web site - ftyped 8-11-03\paintings\xpainting26.jpg <-- wcharris /data/paintings xpainting26.jpg
103.08.11 10:20 B C:\share\web design\www.wcharris.com\web site - ftyped 8-11-03\paintings\xpainting27.jpg <-- wcharris /data/paintings xpainting27.jpg
103.08.11 10:20 B C:\share\web design\www.wcharris.com\web site - ftyped 8-11-03\paintings\xpainting28.jpg <-- wcharris /data/paintings xpainting28.jpg
103.08.11 10:20 B C:\share\web design\www.wcharris.com\web site - ftyped 8-11-03\paintings\xpainting29.jpg <-- wcharris /data/paintings xpainting29.jpg
103.08.11 10:20 B C:\share\web design\www.wcharris.com\web site - ftyped 8-11-03\paintings\xpainting3.jpg <-- wcharris /data/paintings xpainting3.jpg
103.08.11 10:20 B C:\share\web design\www.wcharris.com\web site - ftyped 8-11-03\paintings\xpainting30.jpg <-- wcharris /data/paintings xpainting30.jpg
103.08.11 10:20 B C:\share\web design\www.wcharris.com\web site - ftyped 8-11-03\paintings\xpainting31.jpg <-- wcharris /data/paintings xpainting31.jpg
103.08.11 10:20 B C:\share\web design\www.wcharris.com\web site - ftyped 8-11-03\paintings\xpainting32.jpg <-- wcharris /data/paintings xpainting32.jpg
103.08.11 10:20 B C:\share\web design\www.wcharris.com\web site - ftyped 8-11-03\paintings\xpainting33.jpg <-- wcharris /data/paintings xpainting33.jpg
103.08.11 10:20 B C:\share\web design\www.wcharris.com\web site - ftyped 8-11-03\paintings\xpainting34.jpg <-- wcharris /data/paintings xpainting34.jpg
103.08.11 10:20 B C:\share\web design\www.wcharris.com\web site - ftyped 8-11-03\paintings\xpainting35.jpg <-- wcharris /data/paintings xpainting35.jpg
103.08.11 10:20 B C:\share\web design\www.wcharris.com\web site - ftyped 8-11-03\paintings\xpainting36.jpg <-- wcharris /data/paintings xpainting36.jpg
103.08.11 10:20 B C:\share\web design\www.wcharris.com\web site - ftyped 8-11-03\paintings\xpainting37.jpg <-- wcharris /data/paintings xpainting37.jpg
103.08.11 10:20 B C:\share\web design\www.wcharris.com\web site - ftyped 8-11-03\paintings\xpainting38.jpg <-- wcharris /data/paintings xpainting38.jpg
103.08.11 10:21 B C:\share\web design\www.wcharris.com\web site - ftyped 8-11-03\paintings\xpainting5.jpg <-- wcharris /data/paintings xpainting5.jpg
103.08.11 10:21 B C:\share\web design\www.wcharris.com\web site - ftyped 8-11-03\paintings\painting5.html <-- wcharris /data/paintings painting5.html
103.08.11 10:21 B C:\share\web design\www.wcharris.com\web site - ftyped 8-11-03\paintings\painting5.jpg <-- wcharris /data/paintings painting5.jpg
103.08.11 10:23 B C:\share\web design\www.wcharris.com\web site - ftyped 8-11-03\paintings\painting4.html <-- wcharris /data/paintings painting4.html
103.08.11 10:23 B C:\share\web design\www.wcharris.com\web site - ftyped 8-11-03\paintings\painting4.jpg <-- wcharris /data/paintings painting4.jpg
103.08.11 10:23 B C:\share\web design\www.wcharris.com\web site - ftyped 8-11-03\paintings\painting6.html <-- wcharris /data/paintings painting6.html
103.08.11 10:23 B C:\share\web design\www.wcharris.com\web site - ftyped 8-11-03\paintings\painting6.jpg <-- wcharris /data/paintings painting6.jpg
103.08.11 10:23 B C:\share\web design\www.wcharris.com\web site - ftyped 8-11-03\paintings\painting7.html <-- wcharris /data/paintings painting7.html
103.08.11 10:23 B C:\share\web design\www.wcharris.com\web site - ftyped 8-11-03\paintings\painting7.jpg <-- wcharris /data/paintings painting7.jpg
103.08.11 10:23 B C:\share\web design\www.wcharris.com\web site - ftyped 8-11-03\paintings\painting8.html <-- wcharris /data/paintings painting8.html
103.08.11 10:23 B C:\share\web design\www.wcharris.com\web site - ftyped 8-11-03\paintings\painting8.jpg <-- wcharris /data/paintings painting8.jpg
103.08.11 10:23 B C:\share\web design\www.wcharris.com\web site - ftyped 8-11-03\paintings\painting9.html <-- wcharris /data/paintings painting9.html
103.08.11 10:23 B C:\share\web design\www.wcharris.com\web site - ftyped 8-11-03\paintings\painting9.jpg <-- wcharris /data/paintings painting9.jpg
103.08.11 10:23 B C:\share\web design\www.wcharris.com\web site - ftyped 8-11-03\paintings\xpainting4.jpg <-- wcharris /data/paintings xpainting4.jpg
103.08.11 10:23 B C:\share\web design\www.wcharris.com\web site - ftyped 8-11-03\paintings\xpainting6.jpg <-- wcharris /data/paintings xpainting6.jpg
103.08.11 10:23 B C:\share\web design\www.wcharris.com\web site - ftyped 8-11-03\paintings\xpainting7.jpg <-- wcharris /data/paintings xpainting7.jpg
103.08.11 10:23 B C:\share\web design\www.wcharris.com\web site - ftyped 8-11-03\paintings\xpainting8.jpg <-- wcharris /data/paintings xpainting8.jpg
103.08.11 10:23 B C:\share\web design\www.wcharris.com\web site - ftyped 8-11-03\paintings\xpainting9.jpg <-- wcharris /data/paintings xpainting9.jpg
103.08.11 10:24 B C:\share\web design\www.wcharris.com\web site - ftyped 8-11-03\paintings\painting39.html <-- wcharris /data/paintings painting39.html
103.08.11 10:24 B C:\share\web design\www.wcharris.com\web site - ftyped 8-11-03\paintings\painting39.jpg <-- wcharris /data/paintings painting39.jpg
103.08.11 10:33 B C:\share\web design\www.wcharris.com\web site - ftped 8-11-03\paintings\painting_pics.html --> 64.14.68.13 /www/www/paintings painting_pics.html
