103.08.11 09:58 B C:\share\web design\www.wcharris.com\web site - ftyped 8-11-03\portraits\portrait_pics.html <-- wcharris /data/portraits portrait_pics.html
103.08.11 09:58 B C:\share\web design\www.wcharris.com\web site - ftyped 8-11-03\portraits\xportrait20.jpg <-- wcharris /data/portraits xportrait20.jpg
103.08.11 09:58 B C:\share\web design\www.wcharris.com\web site - ftyped 8-11-03\portraits\portraits_frame.html <-- wcharris /data/portraits portraits_frame.html
103.08.11 09:58 B C:\share\web design\www.wcharris.com\web site - ftyped 8-11-03\portraits\portrait20.jpg <-- wcharris /data/portraits portrait20.jpg
103.08.11 09:58 B C:\share\web design\www.wcharris.com\web site - ftyped 8-11-03\portraits\portrait20.html <-- wcharris /data/portraits portrait20.html
103.08.11 09:58 B C:\share\web design\www.wcharris.com\web site - ftyped 8-11-03\portraits\portraits.html <-- wcharris /data/portraits portraits.html
103.08.11 09:58 B C:\share\web design\www.wcharris.com\web site - ftyped 8-11-03\portraits\xportrait19.jpg <-- wcharris /data/portraits xportrait19.jpg
103.08.11 09:58 B C:\share\web design\www.wcharris.com\web site - ftyped 8-11-03\portraits\portrait19.jpg <-- wcharris /data/portraits portrait19.jpg
103.08.11 09:58 B C:\share\web design\www.wcharris.com\web site - ftyped 8-11-03\portraits\portrait19.html <-- wcharris /data/portraits portrait19.html
103.08.11 09:58 B C:\share\web design\www.wcharris.com\web site - ftyped 8-11-03\portraits\xpainting75.jpg <-- wcharris /data/portraits xpainting75.jpg
103.08.11 09:58 B C:\share\web design\www.wcharris.com\web site - ftyped 8-11-03\portraits\painting75.jpg <-- wcharris /data/portraits painting75.jpg
103.08.11 09:58 B C:\share\web design\www.wcharris.com\web site - ftyped 8-11-03\portraits\painting75.html <-- wcharris /data/portraits painting75.html
103.08.11 09:58 B C:\share\web design\www.wcharris.com\web site - ftyped 8-11-03\portraits\xportrait1.jpg <-- wcharris /data/portraits xportrait1.jpg
103.08.11 09:58 B C:\share\web design\www.wcharris.com\web site - ftyped 8-11-03\portraits\portrait1.jpg <-- wcharris /data/portraits portrait1.jpg
103.08.11 09:58 B C:\share\web design\www.wcharris.com\web site - ftyped 8-11-03\portraits\portrait1.html <-- wcharris /data/portraits portrait1.html
103.08.11 09:58 B C:\share\web design\www.wcharris.com\web site - ftyped 8-11-03\portraits\xportrait18.jpg <-- wcharris /data/portraits xportrait18.jpg
103.08.11 09:58 B C:\share\web design\www.wcharris.com\web site - ftyped 8-11-03\portraits\xportrait15.jpg <-- wcharris /data/portraits xportrait15.jpg
103.08.11 09:58 B C:\share\web design\www.wcharris.com\web site - ftyped 8-11-03\portraits\portrait18.jpg <-- wcharris /data/portraits portrait18.jpg
103.08.11 09:58 B C:\share\web design\www.wcharris.com\web site - ftyped 8-11-03\portraits\portrait18.html <-- wcharris /data/portraits portrait18.html
103.08.11 09:59 B C:\share\web design\www.wcharris.com\web site - ftyped 8-11-03\portraits\portrait15.jpg <-- wcharris /data/portraits portrait15.jpg
103.08.11 09:59 B C:\share\web design\www.wcharris.com\web site - ftyped 8-11-03\portraits\portrait15.html <-- wcharris /data/portraits portrait15.html
103.08.11 09:59 B C:\share\web design\www.wcharris.com\web site - ftyped 8-11-03\portraits\portrait10.html <-- wcharris /data/portraits portrait10.html
103.08.11 09:59 B C:\share\web design\www.wcharris.com\web site - ftyped 8-11-03\portraits\xportrait9.jpg <-- wcharris /data/portraits xportrait9.jpg
103.08.11 09:59 B C:\share\web design\www.wcharris.com\web site - ftyped 8-11-03\portraits\xportrait8.jpg <-- wcharris /data/portraits xportrait8.jpg
103.08.11 09:59 B C:\share\web design\www.wcharris.com\web site - ftyped 8-11-03\portraits\xportrait7.jpg <-- wcharris /data/portraits xportrait7.jpg
103.08.11 09:59 B C:\share\web design\www.wcharris.com\web site - ftyped 8-11-03\portraits\xportrait6.jpg <-- wcharris /data/portraits xportrait6.jpg
103.08.11 09:59 B C:\share\web design\www.wcharris.com\web site - ftyped 8-11-03\portraits\xportrait5.jpg <-- wcharris /data/portraits xportrait5.jpg
103.08.11 09:59 B C:\share\web design\www.wcharris.com\web site - ftyped 8-11-03\portraits\xportrait4.jpg <-- wcharris /data/portraits xportrait4.jpg
103.08.11 09:59 B C:\share\web design\www.wcharris.com\web site - ftyped 8-11-03\portraits\xportrait3.jpg <-- wcharris /data/portraits xportrait3.jpg
103.08.11 09:59 B C:\share\web design\www.wcharris.com\web site - ftyped 8-11-03\portraits\xportrait2.jpg <-- wcharris /data/portraits xportrait2.jpg
103.08.11 09:59 B C:\share\web design\www.wcharris.com\web site - ftyped 8-11-03\portraits\xportrait14.jpg <-- wcharris /data/portraits xportrait14.jpg
103.08.11 09:59 B C:\share\web design\www.wcharris.com\web site - ftyped 8-11-03\portraits\xportrait13.jpg <-- wcharris /data/portraits xportrait13.jpg
103.08.11 09:59 B C:\share\web design\www.wcharris.com\web site - ftyped 8-11-03\portraits\xportrait12.jpg <-- wcharris /data/portraits xportrait12.jpg
103.08.11 09:59 B C:\share\web design\www.wcharris.com\web site - ftyped 8-11-03\portraits\xportrait11.jpg <-- wcharris /data/portraits xportrait11.jpg
103.08.11 09:59 B C:\share\web design\www.wcharris.com\web site - ftyped 8-11-03\portraits\xportrait10.jpg <-- wcharris /data/portraits xportrait10.jpg
103.08.11 09:59 B C:\share\web design\www.wcharris.com\web site - ftyped 8-11-03\portraits\portrait9.jpg <-- wcharris /data/portraits portrait9.jpg
103.08.11 09:59 B C:\share\web design\www.wcharris.com\web site - ftyped 8-11-03\portraits\portrait9.html <-- wcharris /data/portraits portrait9.html
103.08.11 09:59 B C:\share\web design\www.wcharris.com\web site - ftyped 8-11-03\portraits\portrait8.jpg <-- wcharris /data/portraits portrait8.jpg
103.08.11 09:59 B C:\share\web design\www.wcharris.com\web site - ftyped 8-11-03\portraits\portrait8.html <-- wcharris /data/portraits portrait8.html
103.08.11 09:59 B C:\share\web design\www.wcharris.com\web site - ftyped 8-11-03\portraits\portrait7.jpg <-- wcharris /data/portraits portrait7.jpg
103.08.11 09:59 B C:\share\web design\www.wcharris.com\web site - ftyped 8-11-03\portraits\portrait7.html <-- wcharris /data/portraits portrait7.html
103.08.11 09:59 B C:\share\web design\www.wcharris.com\web site - ftyped 8-11-03\portraits\portrait6.jpg <-- wcharris /data/portraits portrait6.jpg
103.08.11 09:59 B C:\share\web design\www.wcharris.com\web site - ftyped 8-11-03\portraits\portrait6.html <-- wcharris /data/portraits portrait6.html
103.08.11 09:59 B C:\share\web design\www.wcharris.com\web site - ftyped 8-11-03\portraits\portrait5.jpg <-- wcharris /data/portraits portrait5.jpg
103.08.11 09:59 B C:\share\web design\www.wcharris.com\web site - ftyped 8-11-03\portraits\portrait5.html <-- wcharris /data/portraits portrait5.html
103.08.11 09:59 B C:\share\web design\www.wcharris.com\web site - ftyped 8-11-03\portraits\portrait4.jpg <-- wcharris /data/portraits portrait4.jpg
103.08.11 09:59 B C:\share\web design\www.wcharris.com\web site - ftyped 8-11-03\portraits\portrait4.html <-- wcharris /data/portraits portrait4.html
103.08.11 09:59 B C:\share\web design\www.wcharris.com\web site - ftyped 8-11-03\portraits\portrait3.jpg <-- wcharris /data/portraits portrait3.jpg
103.08.11 09:59 B C:\share\web design\www.wcharris.com\web site - ftyped 8-11-03\portraits\portrait3.html <-- wcharris /data/portraits portrait3.html
103.08.11 09:59 B C:\share\web design\www.wcharris.com\web site - ftyped 8-11-03\portraits\portrait2.jpg <-- wcharris /data/portraits portrait2.jpg
103.08.11 09:59 B C:\share\web design\www.wcharris.com\web site - ftyped 8-11-03\portraits\portrait2.html <-- wcharris /data/portraits portrait2.html
103.08.11 09:59 B C:\share\web design\www.wcharris.com\web site - ftyped 8-11-03\portraits\portrait14.jpg <-- wcharris /data/portraits portrait14.jpg
103.08.11 09:59 B C:\share\web design\www.wcharris.com\web site - ftyped 8-11-03\portraits\portrait14.html <-- wcharris /data/portraits portrait14.html
103.08.11 09:59 B C:\share\web design\www.wcharris.com\web site - ftyped 8-11-03\portraits\portrait13.jpg <-- wcharris /data/portraits portrait13.jpg
103.08.11 09:59 B C:\share\web design\www.wcharris.com\web site - ftyped 8-11-03\portraits\portrait13.html <-- wcharris /data/portraits portrait13.html
103.08.11 09:59 B C:\share\web design\www.wcharris.com\web site - ftyped 8-11-03\portraits\portrait12.jpg <-- wcharris /data/portraits portrait12.jpg
103.08.11 09:59 B C:\share\web design\www.wcharris.com\web site - ftyped 8-11-03\portraits\portrait12.html <-- wcharris /data/portraits portrait12.html
103.08.11 09:59 B C:\share\web design\www.wcharris.com\web site - ftyped 8-11-03\portraits\portrait11.jpg <-- wcharris /data/portraits portrait11.jpg
103.08.11 09:59 B C:\share\web design\www.wcharris.com\web site - ftyped 8-11-03\portraits\portrait11.html <-- wcharris /data/portraits portrait11.html
103.08.11 09:59 B C:\share\web design\www.wcharris.com\web site - ftyped 8-11-03\portraits\portrait10.jpg <-- wcharris /data/portraits portrait10.jpg
103.08.11 10:33 B C:\share\web design\www.wcharris.com\web site - ftped 8-11-03\portraits\portrait_pics.html --> 64.14.68.13 /www/www/portraits portrait_pics.html
