103.08.11 10:00 B C:\share\web design\www.wcharris.com\web site - ftyped 8-11-03\murals\murals.html <-- wcharris /data/murals murals.html
103.08.11 10:00 B C:\share\web design\www.wcharris.com\web site - ftyped 8-11-03\murals\mural_pics.html <-- wcharris /data/murals mural_pics.html
103.08.11 10:00 B C:\share\web design\www.wcharris.com\web site - ftyped 8-11-03\murals\xmural20.jpg <-- wcharris /data/murals xmural20.jpg
103.08.11 10:00 B C:\share\web design\www.wcharris.com\web site - ftyped 8-11-03\murals\murals_frame.html <-- wcharris /data/murals murals_frame.html
103.08.11 10:00 B C:\share\web design\www.wcharris.com\web site - ftyped 8-11-03\murals\mural20.jpg <-- wcharris /data/murals mural20.jpg
103.08.11 10:00 B C:\share\web design\www.wcharris.com\web site - ftyped 8-11-03\murals\mural20.html <-- wcharris /data/murals mural20.html
103.08.11 10:00 B C:\share\web design\www.wcharris.com\web site - ftyped 8-11-03\murals\mural12.html <-- wcharris /data/murals mural12.html
103.08.11 10:00 B C:\share\web design\www.wcharris.com\web site - ftyped 8-11-03\murals\xmural9.jpg <-- wcharris /data/murals xmural9.jpg
103.08.11 10:00 B C:\share\web design\www.wcharris.com\web site - ftyped 8-11-03\murals\xmural8.jpg <-- wcharris /data/murals xmural8.jpg
103.08.11 10:00 B C:\share\web design\www.wcharris.com\web site - ftyped 8-11-03\murals\xmural7.jpg <-- wcharris /data/murals xmural7.jpg
103.08.11 10:00 B C:\share\web design\www.wcharris.com\web site - ftyped 8-11-03\murals\xmural6.jpg <-- wcharris /data/murals xmural6.jpg
103.08.11 10:00 B C:\share\web design\www.wcharris.com\web site - ftyped 8-11-03\murals\xmural5.jpg <-- wcharris /data/murals xmural5.jpg
103.08.11 10:00 B C:\share\web design\www.wcharris.com\web site - ftyped 8-11-03\murals\xmural4.jpg <-- wcharris /data/murals xmural4.jpg
103.08.11 10:00 B C:\share\web design\www.wcharris.com\web site - ftyped 8-11-03\murals\xmural3.jpg <-- wcharris /data/murals xmural3.jpg
103.08.11 10:00 B C:\share\web design\www.wcharris.com\web site - ftyped 8-11-03\murals\xmural2.jpg <-- wcharris /data/murals xmural2.jpg
103.08.11 10:00 B C:\share\web design\www.wcharris.com\web site - ftyped 8-11-03\murals\xmural12.jpg <-- wcharris /data/murals xmural12.jpg
103.08.11 10:00 B C:\share\web design\www.wcharris.com\web site - ftyped 8-11-03\murals\xmural11.jpg <-- wcharris /data/murals xmural11.jpg
103.08.11 10:00 B C:\share\web design\www.wcharris.com\web site - ftyped 8-11-03\murals\xmural10.jpg <-- wcharris /data/murals xmural10.jpg
103.08.11 10:00 B C:\share\web design\www.wcharris.com\web site - ftyped 8-11-03\murals\xmural1.jpg <-- wcharris /data/murals xmural1.jpg
103.08.11 10:00 B C:\share\web design\www.wcharris.com\web site - ftyped 8-11-03\murals\mural9.jpg <-- wcharris /data/murals mural9.jpg
103.08.11 10:00 B C:\share\web design\www.wcharris.com\web site - ftyped 8-11-03\murals\mural9.html <-- wcharris /data/murals mural9.html
103.08.11 10:00 B C:\share\web design\www.wcharris.com\web site - ftyped 8-11-03\murals\mural8.jpg <-- wcharris /data/murals mural8.jpg
103.08.11 10:00 B C:\share\web design\www.wcharris.com\web site - ftyped 8-11-03\murals\mural8.html <-- wcharris /data/murals mural8.html
103.08.11 10:00 B C:\share\web design\www.wcharris.com\web site - ftyped 8-11-03\murals\mural7.jpg <-- wcharris /data/murals mural7.jpg
103.08.11 10:00 B C:\share\web design\www.wcharris.com\web site - ftyped 8-11-03\murals\mural7.html <-- wcharris /data/murals mural7.html
103.08.11 10:00 B C:\share\web design\www.wcharris.com\web site - ftyped 8-11-03\murals\mural6.jpg <-- wcharris /data/murals mural6.jpg
103.08.11 10:00 B C:\share\web design\www.wcharris.com\web site - ftyped 8-11-03\murals\mural6.html <-- wcharris /data/murals mural6.html
103.08.11 10:00 B C:\share\web design\www.wcharris.com\web site - ftyped 8-11-03\murals\mural5.jpg <-- wcharris /data/murals mural5.jpg
103.08.11 10:00 B C:\share\web design\www.wcharris.com\web site - ftyped 8-11-03\murals\mural5.html <-- wcharris /data/murals mural5.html
103.08.11 10:00 B C:\share\web design\www.wcharris.com\web site - ftyped 8-11-03\murals\mural4.jpg <-- wcharris /data/murals mural4.jpg
103.08.11 10:00 B C:\share\web design\www.wcharris.com\web site - ftyped 8-11-03\murals\mural4.html <-- wcharris /data/murals mural4.html
103.08.11 10:00 B C:\share\web design\www.wcharris.com\web site - ftyped 8-11-03\murals\mural3.jpg <-- wcharris /data/murals mural3.jpg
103.08.11 10:00 B C:\share\web design\www.wcharris.com\web site - ftyped 8-11-03\murals\mural3.html <-- wcharris /data/murals mural3.html
103.08.11 10:00 B C:\share\web design\www.wcharris.com\web site - ftyped 8-11-03\murals\mural2.jpg <-- wcharris /data/murals mural2.jpg
103.08.11 10:00 B C:\share\web design\www.wcharris.com\web site - ftyped 8-11-03\murals\mural2.html <-- wcharris /data/murals mural2.html
103.08.11 10:01 B C:\share\web design\www.wcharris.com\web site - ftyped 8-11-03\murals\mural12.jpg <-- wcharris /data/murals mural12.jpg
103.08.11 10:01 B C:\share\web design\www.wcharris.com\web site - ftyped 8-11-03\murals\mural11.jpg <-- wcharris /data/murals mural11.jpg
103.08.11 10:01 B C:\share\web design\www.wcharris.com\web site - ftyped 8-11-03\murals\mural11.html <-- wcharris /data/murals mural11.html
103.08.11 10:01 B C:\share\web design\www.wcharris.com\web site - ftyped 8-11-03\murals\mural10.jpg <-- wcharris /data/murals mural10.jpg
103.08.11 10:01 B C:\share\web design\www.wcharris.com\web site - ftyped 8-11-03\murals\mural10.html <-- wcharris /data/murals mural10.html
103.08.11 10:01 B C:\share\web design\www.wcharris.com\web site - ftyped 8-11-03\murals\mural1.jpg <-- wcharris /data/murals mural1.jpg
103.08.11 10:01 B C:\share\web design\www.wcharris.com\web site - ftyped 8-11-03\murals\mural1.html <-- wcharris /data/murals mural1.html
103.08.11 10:01 B C:\share\web design\www.wcharris.com\web site - ftyped 8-11-03\murals\cmural9.jpg <-- wcharris /data/murals cmural9.jpg
103.08.11 10:01 B C:\share\web design\www.wcharris.com\web site - ftyped 8-11-03\murals\cmural8.jpg <-- wcharris /data/murals cmural8.jpg
103.08.11 10:01 B C:\share\web design\www.wcharris.com\web site - ftyped 8-11-03\murals\cmural7.jpg <-- wcharris /data/murals cmural7.jpg
103.08.11 10:01 B C:\share\web design\www.wcharris.com\web site - ftyped 8-11-03\murals\cmural6.jpg <-- wcharris /data/murals cmural6.jpg
103.08.11 10:01 B C:\share\web design\www.wcharris.com\web site - ftyped 8-11-03\murals\cmural5.jpg <-- wcharris /data/murals cmural5.jpg
103.08.11 10:01 B C:\share\web design\www.wcharris.com\web site - ftyped 8-11-03\murals\cmural4.jpg <-- wcharris /data/murals cmural4.jpg
103.08.11 10:01 B C:\share\web design\www.wcharris.com\web site - ftyped 8-11-03\murals\cmural3.jpg <-- wcharris /data/murals cmural3.jpg
103.08.11 10:01 B C:\share\web design\www.wcharris.com\web site - ftyped 8-11-03\murals\cmural2.jpg <-- wcharris /data/murals cmural2.jpg
103.08.11 10:01 B C:\share\web design\www.wcharris.com\web site - ftyped 8-11-03\murals\cmural12.jpg <-- wcharris /data/murals cmural12.jpg
103.08.11 10:01 B C:\share\web design\www.wcharris.com\web site - ftyped 8-11-03\murals\cmural11.jpg <-- wcharris /data/murals cmural11.jpg
103.08.11 10:01 B C:\share\web design\www.wcharris.com\web site - ftyped 8-11-03\murals\cmural10.jpg <-- wcharris /data/murals cmural10.jpg
103.08.11 10:01 B C:\share\web design\www.wcharris.com\web site - ftyped 8-11-03\murals\cmural1.jpg <-- wcharris /data/murals cmural1.jpg
